<?xml version="1.0" encoding="UTF-8"?>
<!-- Generated by org.testng.reporters.JUnitReportReporter -->
<testsuite hostname="DESKTOP-9LT39FR" failures="0" tests="1" name="testcases.InventoryPageTest" time="14.586" errors="0" timestamp="2025-02-06T21:39:29 IST" skipped="0">
  <testcase classname="testcases.InventoryPageTest" name="verifyInventoryPageDropDownList3Test" time="14.586"/>
  <system-out/>
</testsuite> <!-- testcases.InventoryPageTest -->
