<?xml version="1.0" encoding="UTF-8"?>
<!-- Generated by org.testng.reporters.JUnitReportReporter -->
<testsuite hostname="DESKTOP-9LT39FR" failures="0" tests="3" name="testcases.LoginPageTest" time="22.979" errors="0" timestamp="2025-02-03T22:34:02 IST" skipped="0">
  <testcase classname="testcases.LoginPageTest" name="verifyTitleofApplicationTest" time="6.054"/>
  <system-out>
    <![CDATA[The Actual Title is : Swag Labs]]>
  </system-out>
  <testcase classname="testcases.LoginPageTest" name="verifyURLofApplicationTest" time="7.350"/>
  <system-out>
    <![CDATA[The Actual URL is : https://www.saucedemo.com/]]>
  </system-out>
  <testcase classname="testcases.LoginPageTest" name="verifyLoginFunctionalityTest" time="9.575"/>
  <system-out>
    <![CDATA[After Login the Actual URL is :https://www.saucedemo.com/inventory.html]]>
  </system-out>
</testsuite> <!-- testcases.LoginPageTest -->
