<?xml version="1.0" encoding="UTF-8"?>
<!-- Generated by org.testng.reporters.JUnitReportReporter -->
<testsuite hostname="DESKTOP-9LT39FR" failures="0" tests="1" name="testcases.CartPageTest" time="17.144" errors="0" timestamp="2025-02-13T23:33:31 IST" skipped="0">
  <testcase classname="testcases.CartPageTest" name="verifyYourCartTextTest" time="17.144"/>
  <system-out>
    <![CDATA[The Actual Text on Cart Page is : Your Cart]]>
  </system-out>
</testsuite> <!-- testcases.CartPageTest -->
