<?xml version="1.0" encoding="UTF-8"?>
<!-- Generated by org.testng.reporters.JUnitReportReporter -->
<testsuite hostname="DESKTOP-9LT39FR" failures="0" tests="1" name="testcases.InventoryPageTest" time="9.924" errors="0" timestamp="2025-02-13T23:54:13 IST" skipped="0">
  <testcase classname="testcases.InventoryPageTest" name="verifyInventoryPageText" time="9.924"/>
  <system-out>
    <![CDATA[Swag Labs]]>
  </system-out>
</testsuite> <!-- testcases.InventoryPageTest -->
